0 info it worked if it ends with ok
1 verbose cli [ '/home/vramana/.nvm/versions/node/v6.5.0/bin/node',
1 verbose cli   '/home/vramana/.nvm/versions/node/v6.5.0/bin/npm',
1 verbose cli   'run',
1 verbose cli   'postinstall' ]
2 info using npm@3.10.3
3 info using node@v6.5.0
4 verbose run-script [ 'postinstall' ]
5 info lifecycle RebelExampleProject@0.0.1~postinstall: RebelExampleProject@0.0.1
6 verbose lifecycle RebelExampleProject@0.0.1~postinstall: unsafe-perm in lifecycle true
7 verbose lifecycle RebelExampleProject@0.0.1~postinstall: PATH: /home/vramana/.nvm/versions/node/v6.5.0/lib/node_modules/npm/bin/node-gyp-bin:/home/vramana/Documents/reasonml/example-project-rebel/node_modules/.bin:/home/vramana/.nvm/versions/node/v6.5.0/bin:/home/vramana/.nvm/versions/node/v6.5.0/bin:/usr/local/sbin:/usr/local/bin:/usr/sbin:/usr/bin:/sbin:/bin:/usr/games:/usr/local/games:/home/vramana/Documents/chromium/tools/depot_tools:/home/vramana/Downloads/android-studio/bin:/home/vramana/Android/Sdk/platform-tools:/home/vramana/Downloads/genymotion:/home/vramana/.cargo/bin:/home/vramana/.local/bin/
8 verbose lifecycle RebelExampleProject@0.0.1~postinstall: CWD: /home/vramana/Documents/reasonml/example-project-rebel
9 silly lifecycle RebelExampleProject@0.0.1~postinstall: Args: [ '-c', 'npm run build' ]
10 silly lifecycle RebelExampleProject@0.0.1~postinstall: Returned: code: 1  signal: null
11 info lifecycle RebelExampleProject@0.0.1~postinstall: Failed to exec postinstall script
12 verbose stack Error: RebelExampleProject@0.0.1 postinstall: `npm run build`
12 verbose stack Exit status 1
12 verbose stack     at EventEmitter.<anonymous> (/home/vramana/.nvm/versions/node/v6.5.0/lib/node_modules/npm/lib/utils/lifecycle.js:242:16)
12 verbose stack     at emitTwo (events.js:106:13)
12 verbose stack     at EventEmitter.emit (events.js:191:7)
12 verbose stack     at ChildProcess.<anonymous> (/home/vramana/.nvm/versions/node/v6.5.0/lib/node_modules/npm/lib/utils/spawn.js:40:14)
12 verbose stack     at emitTwo (events.js:106:13)
12 verbose stack     at ChildProcess.emit (events.js:191:7)
12 verbose stack     at maybeClose (internal/child_process.js:877:16)
12 verbose stack     at Process.ChildProcess._handle.onexit (internal/child_process.js:226:5)
13 verbose pkgid RebelExampleProject@0.0.1
14 verbose cwd /home/vramana/Documents/reasonml/example-project-rebel
15 error Linux 4.4.0-38-generic
16 error argv "/home/vramana/.nvm/versions/node/v6.5.0/bin/node" "/home/vramana/.nvm/versions/node/v6.5.0/bin/npm" "run" "postinstall"
17 error node v6.5.0
18 error npm  v3.10.3
19 error code ELIFECYCLE
20 error RebelExampleProject@0.0.1 postinstall: `npm run build`
20 error Exit status 1
21 error Failed at the RebelExampleProject@0.0.1 postinstall script 'npm run build'.
21 error Make sure you have the latest version of node.js and npm installed.
21 error If you do, this is most likely a problem with the RebelExampleProject package,
21 error not with npm itself.
21 error Tell the author that this fails on your system:
21 error     npm run build
21 error You can get information on how to open an issue for this project with:
21 error     npm bugs RebelExampleProject
21 error Or if that isn't available, you can get their info via:
21 error     npm owner ls RebelExampleProject
21 error There is likely additional logging output above.
22 verbose exit [ 1, true ]
